Determining if the pthread_create exist failed with the following output:
Change Dir: /Data/catkin-ws/src/tt_mission_master/build/CMakeFiles/CMakeTmp

Run Build Command:"/usr/bin/ninja" "cmTC_72914"
[1/2] Building C object CMakeFiles/cmTC_72914.dir/CheckSymbolExists.c.o
[2/2] Linking C executable cmTC_72914
FAILED: cmTC_72914 
: && /usr/bin/cc   -L/usr/local/cuda/lib64   -rdynamic CMakeFiles/cmTC_72914.dir/CheckSymbolExists.c.o  -o cmTC_72914   && :
CMakeFiles/cmTC_72914.dir/CheckSymbolExists.c.o: In function `main':
CheckSymbolExists.c:(.text+0x1b): undefined reference to `pthread_create'
collect2: error: ld returned 1 exit status
ninja: build stopped: subcommand failed.

File /Data/catkin-ws/src/tt_mission_master/build/CMakeFiles/CMakeTmp/CheckSymbolExists.c:
/* */
#include <pthread.h>

int main(int argc, char** argv)
{
  (void)argv;
#ifndef pthread_create
  return ((int*)(&pthread_create))[argc];
#else
  (void)argc;
  return 0;
#endif
}

Determining if the function pthread_create exists in the pthreads failed with the following output:
Change Dir: /Data/catkin-ws/src/tt_mission_master/build/CMakeFiles/CMakeTmp

Run Build Command:"/usr/bin/ninja" "cmTC_8c24b"
[1/2] Building C object CMakeFiles/cmTC_8c24b.dir/CheckFunctionExists.c.o
[2/2] Linking C executable cmTC_8c24b
FAILED: cmTC_8c24b 
: && /usr/bin/cc -DCHECK_FUNCTION_EXISTS=pthread_create  -L/usr/local/cuda/lib64   -rdynamic CMakeFiles/cmTC_8c24b.dir/CheckFunctionExists.c.o  -o cmTC_8c24b  -lpthreads && :
/usr/bin/ld: cannot find -lpthreads
collect2: error: ld returned 1 exit status
ninja: build stopped: subcommand failed.


